2025-08-26 10:19:15 [ERROR]: uncaughtException: JWT_SECRET is not defined in environment variables
Error: JWT_SECRET is not defined in environment variables
    at Object.<anonymous> (/Users/mac/Desktop/jevahapp-backend/src/service/auth.service.ts:18:9)
    at Module._compile (node:internal/modules/cjs/loader:1529:14)
    at Module._compile (/Users/mac/Desktop/jevahapp-backend/node_modules/source-map-support/source-map-support.js:568:25)
    at Module.m._compile (/private/var/folders/6l/wncr79kn0rq31qqld_p19ntc0000gn/T/ts-node-dev-hook-21703540640792762.js:69:33)
    at Module._extensions..js (node:internal/modules/cjs/loader:1613:10)
    at require.extensions..jsx.require.extensions..js (/private/var/folders/6l/wncr79kn0rq31qqld_p19ntc0000gn/T/ts-node-dev-hook-21703540640792762.js:114:20)
    at require.extensions.<computed> (/private/var/folders/6l/wncr79kn0rq31qqld_p19ntc0000gn/T/ts-node-dev-hook-21703540640792762.js:71:20)
    at Object.nodeDevHook [as .ts] (/Users/mac/Desktop/jevahapp-backend/node_modules/ts-node-dev/lib/hook.js:63:13)
    at Module.load (node:internal/modules/cjs/loader:1275:32)
    at Function.Module._load (node:internal/modules/cjs/loader:1096:12) {"error":{},"exception":true,"date":"Tue Aug 26 2025 10:19:15 GMT+0100 (West Africa Standard Time)","process":{"pid":14453,"uid":501,"gid":20,"cwd":"/Users/mac/Desktop/jevahapp-backend","execPath":"/Users/mac/.nvm/versions/node/v20.19.0/bin/node","version":"v20.19.0","argv":["/Users/mac/.nvm/versions/node/v20.19.0/bin/node","src/index.ts"],"memoryUsage":{"rss":89489408,"heapTotal":63217664,"heapUsed":39168880,"external":21647080,"arrayBuffers":18364220}},"os":{"loadavg":[15.04296875,18.87841796875,49.07275390625],"uptime":315192},"trace":[{"column":9,"file":"/Users/mac/Desktop/jevahapp-backend/src/service/auth.service.ts","function":null,"line":18,"method":null,"native":false},{"column":14,"file":"node:internal/modules/cjs/loader","function":"Module._compile","line":1529,"method":"_compile","native":false},{"column":25,"file":"/Users/mac/Desktop/jevahapp-backend/node_modules/source-map-support/source-map-support.js","function":"Module._compile","line":568,"method":"_compile","native":false},{"column":33,"file":"/private/var/folders/6l/wncr79kn0rq31qqld_p19ntc0000gn/T/ts-node-dev-hook-21703540640792762.js","function":"Module.m._compile","line":69,"method":"_compile","native":false},{"column":10,"file":"node:internal/modules/cjs/loader","function":"Module._extensions..js","line":1613,"method":".js","native":false},{"column":20,"file":"/private/var/folders/6l/wncr79kn0rq31qqld_p19ntc0000gn/T/ts-node-dev-hook-21703540640792762.js","function":"require.extensions..jsx.require.extensions..js","line":114,"method":".js","native":false},{"column":20,"file":"/private/var/folders/6l/wncr79kn0rq31qqld_p19ntc0000gn/T/ts-node-dev-hook-21703540640792762.js","function":"require.extensions.<computed>","line":71,"method":"<computed>","native":false},{"column":13,"file":"/Users/mac/Desktop/jevahapp-backend/node_modules/ts-node-dev/lib/hook.js","function":"Object.nodeDevHook [as .ts]","line":63,"method":"ts]","native":false},{"column":32,"file":"node:internal/modules/cjs/loader","function":"Module.load","line":1275,"method":"load","native":false},{"column":12,"file":"node:internal/modules/cjs/loader","function":"Module._load","line":1096,"method":"_load","native":false}]}
Error: JWT_SECRET is not defined in environment variables
    at Object.<anonymous> (/Users/mac/Desktop/jevahapp-backend/src/service/auth.service.ts:18:9)
    at Module._compile (node:internal/modules/cjs/loader:1529:14)
    at Module._compile (/Users/mac/Desktop/jevahapp-backend/node_modules/source-map-support/source-map-support.js:568:25)
    at Module.m._compile (/private/var/folders/6l/wncr79kn0rq31qqld_p19ntc0000gn/T/ts-node-dev-hook-21703540640792762.js:69:33)
    at Module._extensions..js (node:internal/modules/cjs/loader:1613:10)
    at require.extensions..jsx.require.extensions..js (/private/var/folders/6l/wncr79kn0rq31qqld_p19ntc0000gn/T/ts-node-dev-hook-21703540640792762.js:114:20)
    at require.extensions.<computed> (/private/var/folders/6l/wncr79kn0rq31qqld_p19ntc0000gn/T/ts-node-dev-hook-21703540640792762.js:71:20)
    at Object.nodeDevHook [as .ts] (/Users/mac/Desktop/jevahapp-backend/node_modules/ts-node-dev/lib/hook.js:63:13)
    at Module.load (node:internal/modules/cjs/loader:1275:32)
    at Function.Module._load (node:internal/modules/cjs/loader:1096:12)
2025-08-26 10:19:25 [ERROR]: uncaughtException: JWT_SECRET is not defined in environment variables
Error: JWT_SECRET is not defined in environment variables
    at Object.<anonymous> (/Users/mac/Desktop/jevahapp-backend/src/service/auth.service.ts:18:9)
    at Module._compile (node:internal/modules/cjs/loader:1529:14)
    at Module._compile (/Users/mac/Desktop/jevahapp-backend/node_modules/source-map-support/source-map-support.js:568:25)
    at Module.m._compile (/private/var/folders/6l/wncr79kn0rq31qqld_p19ntc0000gn/T/ts-node-dev-hook-21703540640792762.js:69:33)
    at Module._extensions..js (node:internal/modules/cjs/loader:1613:10)
    at require.extensions..jsx.require.extensions..js (/private/var/folders/6l/wncr79kn0rq31qqld_p19ntc0000gn/T/ts-node-dev-hook-21703540640792762.js:114:20)
    at require.extensions.<computed> (/private/var/folders/6l/wncr79kn0rq31qqld_p19ntc0000gn/T/ts-node-dev-hook-21703540640792762.js:71:20)
    at Object.nodeDevHook [as .ts] (/Users/mac/Desktop/jevahapp-backend/node_modules/ts-node-dev/lib/hook.js:63:13)
    at Module.load (node:internal/modules/cjs/loader:1275:32)
    at Function.Module._load (node:internal/modules/cjs/loader:1096:12) {"error":{},"exception":true,"date":"Tue Aug 26 2025 10:19:25 GMT+0100 (West Africa Standard Time)","process":{"pid":14529,"uid":501,"gid":20,"cwd":"/Users/mac/Desktop/jevahapp-backend","execPath":"/Users/mac/.nvm/versions/node/v20.19.0/bin/node","version":"v20.19.0","argv":["/Users/mac/.nvm/versions/node/v20.19.0/bin/node","src/index.ts"],"memoryUsage":{"rss":91627520,"heapTotal":63479808,"heapUsed":41261496,"external":21647007,"arrayBuffers":18364220}},"os":{"loadavg":[29.62548828125,21.86474609375,49.77880859375],"uptime":315202},"trace":[{"column":9,"file":"/Users/mac/Desktop/jevahapp-backend/src/service/auth.service.ts","function":null,"line":18,"method":null,"native":false},{"column":14,"file":"node:internal/modules/cjs/loader","function":"Module._compile","line":1529,"method":"_compile","native":false},{"column":25,"file":"/Users/mac/Desktop/jevahapp-backend/node_modules/source-map-support/source-map-support.js","function":"Module._compile","line":568,"method":"_compile","native":false},{"column":33,"file":"/private/var/folders/6l/wncr79kn0rq31qqld_p19ntc0000gn/T/ts-node-dev-hook-21703540640792762.js","function":"Module.m._compile","line":69,"method":"_compile","native":false},{"column":10,"file":"node:internal/modules/cjs/loader","function":"Module._extensions..js","line":1613,"method":".js","native":false},{"column":20,"file":"/private/var/folders/6l/wncr79kn0rq31qqld_p19ntc0000gn/T/ts-node-dev-hook-21703540640792762.js","function":"require.extensions..jsx.require.extensions..js","line":114,"method":".js","native":false},{"column":20,"file":"/private/var/folders/6l/wncr79kn0rq31qqld_p19ntc0000gn/T/ts-node-dev-hook-21703540640792762.js","function":"require.extensions.<computed>","line":71,"method":"<computed>","native":false},{"column":13,"file":"/Users/mac/Desktop/jevahapp-backend/node_modules/ts-node-dev/lib/hook.js","function":"Object.nodeDevHook [as .ts]","line":63,"method":"ts]","native":false},{"column":32,"file":"node:internal/modules/cjs/loader","function":"Module.load","line":1275,"method":"load","native":false},{"column":12,"file":"node:internal/modules/cjs/loader","function":"Module._load","line":1096,"method":"_load","native":false}]}
Error: JWT_SECRET is not defined in environment variables
    at Object.<anonymous> (/Users/mac/Desktop/jevahapp-backend/src/service/auth.service.ts:18:9)
    at Module._compile (node:internal/modules/cjs/loader:1529:14)
    at Module._compile (/Users/mac/Desktop/jevahapp-backend/node_modules/source-map-support/source-map-support.js:568:25)
    at Module.m._compile (/private/var/folders/6l/wncr79kn0rq31qqld_p19ntc0000gn/T/ts-node-dev-hook-21703540640792762.js:69:33)
    at Module._extensions..js (node:internal/modules/cjs/loader:1613:10)
    at require.extensions..jsx.require.extensions..js (/private/var/folders/6l/wncr79kn0rq31qqld_p19ntc0000gn/T/ts-node-dev-hook-21703540640792762.js:114:20)
    at require.extensions.<computed> (/private/var/folders/6l/wncr79kn0rq31qqld_p19ntc0000gn/T/ts-node-dev-hook-21703540640792762.js:71:20)
    at Object.nodeDevHook [as .ts] (/Users/mac/Desktop/jevahapp-backend/node_modules/ts-node-dev/lib/hook.js:63:13)
    at Module.load (node:internal/modules/cjs/loader:1275:32)
    at Function.Module._load (node:internal/modules/cjs/loader:1096:12)
2025-08-26 10:25:29 [ERROR]: uncaughtException: JWT_SECRET is not defined in environment variables
Error: JWT_SECRET is not defined in environment variables
    at Object.<anonymous> (/Users/mac/Desktop/jevahapp-backend/src/service/auth.service.ts:18:9)
    at Module._compile (node:internal/modules/cjs/loader:1529:14)
    at Module._compile (/Users/mac/Desktop/jevahapp-backend/node_modules/source-map-support/source-map-support.js:568:25)
    at Module.m._compile (/private/var/folders/6l/wncr79kn0rq31qqld_p19ntc0000gn/T/ts-node-dev-hook-07425847180233447.js:69:33)
    at Module._extensions..js (node:internal/modules/cjs/loader:1613:10)
    at require.extensions..jsx.require.extensions..js (/private/var/folders/6l/wncr79kn0rq31qqld_p19ntc0000gn/T/ts-node-dev-hook-07425847180233447.js:114:20)
    at require.extensions.<computed> (/private/var/folders/6l/wncr79kn0rq31qqld_p19ntc0000gn/T/ts-node-dev-hook-07425847180233447.js:71:20)
    at Object.nodeDevHook [as .ts] (/Users/mac/Desktop/jevahapp-backend/node_modules/ts-node-dev/lib/hook.js:63:13)
    at Module.load (node:internal/modules/cjs/loader:1275:32)
    at Function.Module._load (node:internal/modules/cjs/loader:1096:12) {"error":{},"exception":true,"date":"Tue Aug 26 2025 10:25:29 GMT+0100 (West Africa Standard Time)","process":{"pid":16682,"uid":501,"gid":20,"cwd":"/Users/mac/Desktop/jevahapp-backend","execPath":"/Users/mac/.nvm/versions/node/v20.19.0/bin/node","version":"v20.19.0","argv":["/Users/mac/.nvm/versions/node/v20.19.0/bin/node","src/index.ts"],"memoryUsage":{"rss":93507584,"heapTotal":61644800,"heapUsed":34977320,"external":21657401,"arrayBuffers":18374614}},"os":{"loadavg":[19.5927734375,16.447265625,37.166015625],"uptime":315566},"trace":[{"column":9,"file":"/Users/mac/Desktop/jevahapp-backend/src/service/auth.service.ts","function":null,"line":18,"method":null,"native":false},{"column":14,"file":"node:internal/modules/cjs/loader","function":"Module._compile","line":1529,"method":"_compile","native":false},{"column":25,"file":"/Users/mac/Desktop/jevahapp-backend/node_modules/source-map-support/source-map-support.js","function":"Module._compile","line":568,"method":"_compile","native":false},{"column":33,"file":"/private/var/folders/6l/wncr79kn0rq31qqld_p19ntc0000gn/T/ts-node-dev-hook-07425847180233447.js","function":"Module.m._compile","line":69,"method":"_compile","native":false},{"column":10,"file":"node:internal/modules/cjs/loader","function":"Module._extensions..js","line":1613,"method":".js","native":false},{"column":20,"file":"/private/var/folders/6l/wncr79kn0rq31qqld_p19ntc0000gn/T/ts-node-dev-hook-07425847180233447.js","function":"require.extensions..jsx.require.extensions..js","line":114,"method":".js","native":false},{"column":20,"file":"/private/var/folders/6l/wncr79kn0rq31qqld_p19ntc0000gn/T/ts-node-dev-hook-07425847180233447.js","function":"require.extensions.<computed>","line":71,"method":"<computed>","native":false},{"column":13,"file":"/Users/mac/Desktop/jevahapp-backend/node_modules/ts-node-dev/lib/hook.js","function":"Object.nodeDevHook [as .ts]","line":63,"method":"ts]","native":false},{"column":32,"file":"node:internal/modules/cjs/loader","function":"Module.load","line":1275,"method":"load","native":false},{"column":12,"file":"node:internal/modules/cjs/loader","function":"Module._load","line":1096,"method":"_load","native":false}]}
Error: JWT_SECRET is not defined in environment variables
    at Object.<anonymous> (/Users/mac/Desktop/jevahapp-backend/src/service/auth.service.ts:18:9)
    at Module._compile (node:internal/modules/cjs/loader:1529:14)
    at Module._compile (/Users/mac/Desktop/jevahapp-backend/node_modules/source-map-support/source-map-support.js:568:25)
    at Module.m._compile (/private/var/folders/6l/wncr79kn0rq31qqld_p19ntc0000gn/T/ts-node-dev-hook-07425847180233447.js:69:33)
    at Module._extensions..js (node:internal/modules/cjs/loader:1613:10)
    at require.extensions..jsx.require.extensions..js (/private/var/folders/6l/wncr79kn0rq31qqld_p19ntc0000gn/T/ts-node-dev-hook-07425847180233447.js:114:20)
    at require.extensions.<computed> (/private/var/folders/6l/wncr79kn0rq31qqld_p19ntc0000gn/T/ts-node-dev-hook-07425847180233447.js:71:20)
    at Object.nodeDevHook [as .ts] (/Users/mac/Desktop/jevahapp-backend/node_modules/ts-node-dev/lib/hook.js:63:13)
    at Module.load (node:internal/modules/cjs/loader:1275:32)
    at Function.Module._load (node:internal/modules/cjs/loader:1096:12)
2025-08-26 10:28:48 [ERROR]: uncaughtException: JWT_SECRET is not defined in environment variables
Error: JWT_SECRET is not defined in environment variables
    at Object.<anonymous> (/Users/mac/Desktop/jevahapp-backend/src/service/auth.service.ts:18:9)
    at Module._compile (node:internal/modules/cjs/loader:1529:14)
    at Module._compile (/Users/mac/Desktop/jevahapp-backend/node_modules/source-map-support/source-map-support.js:568:25)
    at Module.m._compile (/private/var/folders/6l/wncr79kn0rq31qqld_p19ntc0000gn/T/ts-node-dev-hook-03893856439387111.js:69:33)
    at Module._extensions..js (node:internal/modules/cjs/loader:1613:10)
    at require.extensions..jsx.require.extensions..js (/private/var/folders/6l/wncr79kn0rq31qqld_p19ntc0000gn/T/ts-node-dev-hook-03893856439387111.js:114:20)
    at require.extensions.<computed> (/private/var/folders/6l/wncr79kn0rq31qqld_p19ntc0000gn/T/ts-node-dev-hook-03893856439387111.js:71:20)
    at Object.nodeDevHook [as .ts] (/Users/mac/Desktop/jevahapp-backend/node_modules/ts-node-dev/lib/hook.js:63:13)
    at Module.load (node:internal/modules/cjs/loader:1275:32)
    at Function.Module._load (node:internal/modules/cjs/loader:1096:12) {"error":{},"exception":true,"date":"Tue Aug 26 2025 10:28:48 GMT+0100 (West Africa Standard Time)","process":{"pid":18238,"uid":501,"gid":20,"cwd":"/Users/mac/Desktop/jevahapp-backend","execPath":"/Users/mac/.nvm/versions/node/v20.19.0/bin/node","version":"v20.19.0","argv":["/Users/mac/.nvm/versions/node/v20.19.0/bin/node","src/index.ts"],"memoryUsage":{"rss":90058752,"heapTotal":63741952,"heapUsed":39911736,"external":21646487,"arrayBuffers":18364220}},"os":{"loadavg":[26.482421875,22.0576171875,35.16357421875],"uptime":315765},"trace":[{"column":9,"file":"/Users/mac/Desktop/jevahapp-backend/src/service/auth.service.ts","function":null,"line":18,"method":null,"native":false},{"column":14,"file":"node:internal/modules/cjs/loader","function":"Module._compile","line":1529,"method":"_compile","native":false},{"column":25,"file":"/Users/mac/Desktop/jevahapp-backend/node_modules/source-map-support/source-map-support.js","function":"Module._compile","line":568,"method":"_compile","native":false},{"column":33,"file":"/private/var/folders/6l/wncr79kn0rq31qqld_p19ntc0000gn/T/ts-node-dev-hook-03893856439387111.js","function":"Module.m._compile","line":69,"method":"_compile","native":false},{"column":10,"file":"node:internal/modules/cjs/loader","function":"Module._extensions..js","line":1613,"method":".js","native":false},{"column":20,"file":"/private/var/folders/6l/wncr79kn0rq31qqld_p19ntc0000gn/T/ts-node-dev-hook-03893856439387111.js","function":"require.extensions..jsx.require.extensions..js","line":114,"method":".js","native":false},{"column":20,"file":"/private/var/folders/6l/wncr79kn0rq31qqld_p19ntc0000gn/T/ts-node-dev-hook-03893856439387111.js","function":"require.extensions.<computed>","line":71,"method":"<computed>","native":false},{"column":13,"file":"/Users/mac/Desktop/jevahapp-backend/node_modules/ts-node-dev/lib/hook.js","function":"Object.nodeDevHook [as .ts]","line":63,"method":"ts]","native":false},{"column":32,"file":"node:internal/modules/cjs/loader","function":"Module.load","line":1275,"method":"load","native":false},{"column":12,"file":"node:internal/modules/cjs/loader","function":"Module._load","line":1096,"method":"_load","native":false}]}
Error: JWT_SECRET is not defined in environment variables
    at Object.<anonymous> (/Users/mac/Desktop/jevahapp-backend/src/service/auth.service.ts:18:9)
    at Module._compile (node:internal/modules/cjs/loader:1529:14)
    at Module._compile (/Users/mac/Desktop/jevahapp-backend/node_modules/source-map-support/source-map-support.js:568:25)
    at Module.m._compile (/private/var/folders/6l/wncr79kn0rq31qqld_p19ntc0000gn/T/ts-node-dev-hook-03893856439387111.js:69:33)
    at Module._extensions..js (node:internal/modules/cjs/loader:1613:10)
    at require.extensions..jsx.require.extensions..js (/private/var/folders/6l/wncr79kn0rq31qqld_p19ntc0000gn/T/ts-node-dev-hook-03893856439387111.js:114:20)
    at require.extensions.<computed> (/private/var/folders/6l/wncr79kn0rq31qqld_p19ntc0000gn/T/ts-node-dev-hook-03893856439387111.js:71:20)
    at Object.nodeDevHook [as .ts] (/Users/mac/Desktop/jevahapp-backend/node_modules/ts-node-dev/lib/hook.js:63:13)
    at Module.load (node:internal/modules/cjs/loader:1275:32)
    at Function.Module._load (node:internal/modules/cjs/loader:1096:12)
2025-08-26 10:31:53 [ERROR]: uncaughtException: JWT_SECRET is not defined in environment variables
Error: JWT_SECRET is not defined in environment variables
    at Object.<anonymous> (/Users/mac/Desktop/jevahapp-backend/src/service/auth.service.ts:18:9)
    at Module._compile (node:internal/modules/cjs/loader:1529:14)
    at Module._compile (/Users/mac/Desktop/jevahapp-backend/node_modules/source-map-support/source-map-support.js:568:25)
    at Module.m._compile (/private/var/folders/6l/wncr79kn0rq31qqld_p19ntc0000gn/T/ts-node-dev-hook-5642175805909841.js:69:33)
    at Module._extensions..js (node:internal/modules/cjs/loader:1613:10)
    at require.extensions..jsx.require.extensions..js (/private/var/folders/6l/wncr79kn0rq31qqld_p19ntc0000gn/T/ts-node-dev-hook-5642175805909841.js:114:20)
    at require.extensions.<computed> (/private/var/folders/6l/wncr79kn0rq31qqld_p19ntc0000gn/T/ts-node-dev-hook-5642175805909841.js:71:20)
    at Object.nodeDevHook [as .ts] (/Users/mac/Desktop/jevahapp-backend/node_modules/ts-node-dev/lib/hook.js:63:13)
    at Module.load (node:internal/modules/cjs/loader:1275:32)
    at Function.Module._load (node:internal/modules/cjs/loader:1096:12) {"error":{},"exception":true,"date":"Tue Aug 26 2025 10:31:53 GMT+0100 (West Africa Standard Time)","process":{"pid":19939,"uid":501,"gid":20,"cwd":"/Users/mac/Desktop/jevahapp-backend","execPath":"/Users/mac/.nvm/versions/node/v20.19.0/bin/node","version":"v20.19.0","argv":["/Users/mac/.nvm/versions/node/v20.19.0/bin/node","src/index.ts"],"memoryUsage":{"rss":91664384,"heapTotal":63479808,"heapUsed":40897600,"external":21647015,"arrayBuffers":18364228}},"os":{"loadavg":[30.4072265625,28.5029296875,35.32568359375],"uptime":315950},"trace":[{"column":9,"file":"/Users/mac/Desktop/jevahapp-backend/src/service/auth.service.ts","function":null,"line":18,"method":null,"native":false},{"column":14,"file":"node:internal/modules/cjs/loader","function":"Module._compile","line":1529,"method":"_compile","native":false},{"column":25,"file":"/Users/mac/Desktop/jevahapp-backend/node_modules/source-map-support/source-map-support.js","function":"Module._compile","line":568,"method":"_compile","native":false},{"column":33,"file":"/private/var/folders/6l/wncr79kn0rq31qqld_p19ntc0000gn/T/ts-node-dev-hook-5642175805909841.js","function":"Module.m._compile","line":69,"method":"_compile","native":false},{"column":10,"file":"node:internal/modules/cjs/loader","function":"Module._extensions..js","line":1613,"method":".js","native":false},{"column":20,"file":"/private/var/folders/6l/wncr79kn0rq31qqld_p19ntc0000gn/T/ts-node-dev-hook-5642175805909841.js","function":"require.extensions..jsx.require.extensions..js","line":114,"method":".js","native":false},{"column":20,"file":"/private/var/folders/6l/wncr79kn0rq31qqld_p19ntc0000gn/T/ts-node-dev-hook-5642175805909841.js","function":"require.extensions.<computed>","line":71,"method":"<computed>","native":false},{"column":13,"file":"/Users/mac/Desktop/jevahapp-backend/node_modules/ts-node-dev/lib/hook.js","function":"Object.nodeDevHook [as .ts]","line":63,"method":"ts]","native":false},{"column":32,"file":"node:internal/modules/cjs/loader","function":"Module.load","line":1275,"method":"load","native":false},{"column":12,"file":"node:internal/modules/cjs/loader","function":"Module._load","line":1096,"method":"_load","native":false}]}
Error: JWT_SECRET is not defined in environment variables
    at Object.<anonymous> (/Users/mac/Desktop/jevahapp-backend/src/service/auth.service.ts:18:9)
    at Module._compile (node:internal/modules/cjs/loader:1529:14)
    at Module._compile (/Users/mac/Desktop/jevahapp-backend/node_modules/source-map-support/source-map-support.js:568:25)
    at Module.m._compile (/private/var/folders/6l/wncr79kn0rq31qqld_p19ntc0000gn/T/ts-node-dev-hook-5642175805909841.js:69:33)
    at Module._extensions..js (node:internal/modules/cjs/loader:1613:10)
    at require.extensions..jsx.require.extensions..js (/private/var/folders/6l/wncr79kn0rq31qqld_p19ntc0000gn/T/ts-node-dev-hook-5642175805909841.js:114:20)
    at require.extensions.<computed> (/private/var/folders/6l/wncr79kn0rq31qqld_p19ntc0000gn/T/ts-node-dev-hook-5642175805909841.js:71:20)
    at Object.nodeDevHook [as .ts] (/Users/mac/Desktop/jevahapp-backend/node_modules/ts-node-dev/lib/hook.js:63:13)
    at Module.load (node:internal/modules/cjs/loader:1275:32)
    at Function.Module._load (node:internal/modules/cjs/loader:1096:12)
2025-08-26 10:42:43 [ERROR]: uncaughtException: JWT_SECRET is not defined in environment variables
Error: JWT_SECRET is not defined in environment variables
    at Object.<anonymous> (/Users/mac/Desktop/jevahapp-backend/src/service/auth.service.ts:18:9)
    at Module._compile (node:internal/modules/cjs/loader:1529:14)
    at Module._compile (/Users/mac/Desktop/jevahapp-backend/node_modules/source-map-support/source-map-support.js:568:25)
    at Module.m._compile (/private/var/folders/6l/wncr79kn0rq31qqld_p19ntc0000gn/T/ts-node-dev-hook-6872372984381601.js:69:33)
    at Module._extensions..js (node:internal/modules/cjs/loader:1613:10)
    at require.extensions..jsx.require.extensions..js (/private/var/folders/6l/wncr79kn0rq31qqld_p19ntc0000gn/T/ts-node-dev-hook-6872372984381601.js:114:20)
    at require.extensions.<computed> (/private/var/folders/6l/wncr79kn0rq31qqld_p19ntc0000gn/T/ts-node-dev-hook-6872372984381601.js:71:20)
    at Object.nodeDevHook [as .ts] (/Users/mac/Desktop/jevahapp-backend/node_modules/ts-node-dev/lib/hook.js:63:13)
    at Module.load (node:internal/modules/cjs/loader:1275:32)
    at Function.Module._load (node:internal/modules/cjs/loader:1096:12) {"error":{},"exception":true,"date":"Tue Aug 26 2025 10:42:43 GMT+0100 (West Africa Standard Time)","process":{"pid":24594,"uid":501,"gid":20,"cwd":"/Users/mac/Desktop/jevahapp-backend","execPath":"/Users/mac/.nvm/versions/node/v20.19.0/bin/node","version":"v20.19.0","argv":["/Users/mac/.nvm/versions/node/v20.19.0/bin/node","src/index.ts"],"memoryUsage":{"rss":90374144,"heapTotal":64004096,"heapUsed":39876936,"external":21646487,"arrayBuffers":18364220}},"os":{"loadavg":[8.890625,11.2060546875,20.62939453125],"uptime":316600},"trace":[{"column":9,"file":"/Users/mac/Desktop/jevahapp-backend/src/service/auth.service.ts","function":null,"line":18,"method":null,"native":false},{"column":14,"file":"node:internal/modules/cjs/loader","function":"Module._compile","line":1529,"method":"_compile","native":false},{"column":25,"file":"/Users/mac/Desktop/jevahapp-backend/node_modules/source-map-support/source-map-support.js","function":"Module._compile","line":568,"method":"_compile","native":false},{"column":33,"file":"/private/var/folders/6l/wncr79kn0rq31qqld_p19ntc0000gn/T/ts-node-dev-hook-6872372984381601.js","function":"Module.m._compile","line":69,"method":"_compile","native":false},{"column":10,"file":"node:internal/modules/cjs/loader","function":"Module._extensions..js","line":1613,"method":".js","native":false},{"column":20,"file":"/private/var/folders/6l/wncr79kn0rq31qqld_p19ntc0000gn/T/ts-node-dev-hook-6872372984381601.js","function":"require.extensions..jsx.require.extensions..js","line":114,"method":".js","native":false},{"column":20,"file":"/private/var/folders/6l/wncr79kn0rq31qqld_p19ntc0000gn/T/ts-node-dev-hook-6872372984381601.js","function":"require.extensions.<computed>","line":71,"method":"<computed>","native":false},{"column":13,"file":"/Users/mac/Desktop/jevahapp-backend/node_modules/ts-node-dev/lib/hook.js","function":"Object.nodeDevHook [as .ts]","line":63,"method":"ts]","native":false},{"column":32,"file":"node:internal/modules/cjs/loader","function":"Module.load","line":1275,"method":"load","native":false},{"column":12,"file":"node:internal/modules/cjs/loader","function":"Module._load","line":1096,"method":"_load","native":false}]}
Error: JWT_SECRET is not defined in environment variables
    at Object.<anonymous> (/Users/mac/Desktop/jevahapp-backend/src/service/auth.service.ts:18:9)
    at Module._compile (node:internal/modules/cjs/loader:1529:14)
    at Module._compile (/Users/mac/Desktop/jevahapp-backend/node_modules/source-map-support/source-map-support.js:568:25)
    at Module.m._compile (/private/var/folders/6l/wncr79kn0rq31qqld_p19ntc0000gn/T/ts-node-dev-hook-6872372984381601.js:69:33)
    at Module._extensions..js (node:internal/modules/cjs/loader:1613:10)
    at require.extensions..jsx.require.extensions..js (/private/var/folders/6l/wncr79kn0rq31qqld_p19ntc0000gn/T/ts-node-dev-hook-6872372984381601.js:114:20)
    at require.extensions.<computed> (/private/var/folders/6l/wncr79kn0rq31qqld_p19ntc0000gn/T/ts-node-dev-hook-6872372984381601.js:71:20)
    at Object.nodeDevHook [as .ts] (/Users/mac/Desktop/jevahapp-backend/node_modules/ts-node-dev/lib/hook.js:63:13)
    at Module.load (node:internal/modules/cjs/loader:1275:32)
    at Function.Module._load (node:internal/modules/cjs/loader:1096:12)
2025-08-26 10:44:17 [ERROR]: uncaughtException: JWT_SECRET is not defined in environment variables
Error: JWT_SECRET is not defined in environment variables
    at Object.<anonymous> (/Users/mac/Desktop/jevahapp-backend/src/service/auth.service.ts:18:9)
    at Module._compile (node:internal/modules/cjs/loader:1529:14)
    at Module._compile (/Users/mac/Desktop/jevahapp-backend/node_modules/source-map-support/source-map-support.js:568:25)
    at Module.m._compile (/private/var/folders/6l/wncr79kn0rq31qqld_p19ntc0000gn/T/ts-node-dev-hook-5063473368507461.js:69:33)
    at Module._extensions..js (node:internal/modules/cjs/loader:1613:10)
    at require.extensions..jsx.require.extensions..js (/private/var/folders/6l/wncr79kn0rq31qqld_p19ntc0000gn/T/ts-node-dev-hook-5063473368507461.js:114:20)
    at require.extensions.<computed> (/private/var/folders/6l/wncr79kn0rq31qqld_p19ntc0000gn/T/ts-node-dev-hook-5063473368507461.js:71:20)
    at Object.nodeDevHook [as .ts] (/Users/mac/Desktop/jevahapp-backend/node_modules/ts-node-dev/lib/hook.js:63:13)
    at Module.load (node:internal/modules/cjs/loader:1275:32)
    at Function.Module._load (node:internal/modules/cjs/loader:1096:12) {"error":{},"exception":true,"date":"Tue Aug 26 2025 10:44:17 GMT+0100 (West Africa Standard Time)","process":{"pid":25462,"uid":501,"gid":20,"cwd":"/Users/mac/Desktop/jevahapp-backend","execPath":"/Users/mac/.nvm/versions/node/v20.19.0/bin/node","version":"v20.19.0","argv":["/Users/mac/.nvm/versions/node/v20.19.0/bin/node","src/index.ts"],"memoryUsage":{"rss":89915392,"heapTotal":63741952,"heapUsed":38973600,"external":21645358,"arrayBuffers":18364220}},"os":{"loadavg":[5.78564453125,9.4033203125,18.9775390625],"uptime":316694},"trace":[{"column":9,"file":"/Users/mac/Desktop/jevahapp-backend/src/service/auth.service.ts","function":null,"line":18,"method":null,"native":false},{"column":14,"file":"node:internal/modules/cjs/loader","function":"Module._compile","line":1529,"method":"_compile","native":false},{"column":25,"file":"/Users/mac/Desktop/jevahapp-backend/node_modules/source-map-support/source-map-support.js","function":"Module._compile","line":568,"method":"_compile","native":false},{"column":33,"file":"/private/var/folders/6l/wncr79kn0rq31qqld_p19ntc0000gn/T/ts-node-dev-hook-5063473368507461.js","function":"Module.m._compile","line":69,"method":"_compile","native":false},{"column":10,"file":"node:internal/modules/cjs/loader","function":"Module._extensions..js","line":1613,"method":".js","native":false},{"column":20,"file":"/private/var/folders/6l/wncr79kn0rq31qqld_p19ntc0000gn/T/ts-node-dev-hook-5063473368507461.js","function":"require.extensions..jsx.require.extensions..js","line":114,"method":".js","native":false},{"column":20,"file":"/private/var/folders/6l/wncr79kn0rq31qqld_p19ntc0000gn/T/ts-node-dev-hook-5063473368507461.js","function":"require.extensions.<computed>","line":71,"method":"<computed>","native":false},{"column":13,"file":"/Users/mac/Desktop/jevahapp-backend/node_modules/ts-node-dev/lib/hook.js","function":"Object.nodeDevHook [as .ts]","line":63,"method":"ts]","native":false},{"column":32,"file":"node:internal/modules/cjs/loader","function":"Module.load","line":1275,"method":"load","native":false},{"column":12,"file":"node:internal/modules/cjs/loader","function":"Module._load","line":1096,"method":"_load","native":false}]}
Error: JWT_SECRET is not defined in environment variables
    at Object.<anonymous> (/Users/mac/Desktop/jevahapp-backend/src/service/auth.service.ts:18:9)
    at Module._compile (node:internal/modules/cjs/loader:1529:14)
    at Module._compile (/Users/mac/Desktop/jevahapp-backend/node_modules/source-map-support/source-map-support.js:568:25)
    at Module.m._compile (/private/var/folders/6l/wncr79kn0rq31qqld_p19ntc0000gn/T/ts-node-dev-hook-5063473368507461.js:69:33)
    at Module._extensions..js (node:internal/modules/cjs/loader:1613:10)
    at require.extensions..jsx.require.extensions..js (/private/var/folders/6l/wncr79kn0rq31qqld_p19ntc0000gn/T/ts-node-dev-hook-5063473368507461.js:114:20)
    at require.extensions.<computed> (/private/var/folders/6l/wncr79kn0rq31qqld_p19ntc0000gn/T/ts-node-dev-hook-5063473368507461.js:71:20)
    at Object.nodeDevHook [as .ts] (/Users/mac/Desktop/jevahapp-backend/node_modules/ts-node-dev/lib/hook.js:63:13)
    at Module.load (node:internal/modules/cjs/loader:1275:32)
    at Function.Module._load (node:internal/modules/cjs/loader:1096:12)
